[
  {
    "line": 1,
    "elements": [
      {
        "before": [
          {
            "result": {
              "duration": 524700,
              "status": "passed"
            },
            "match": {
              "location": "Hooks.add()"
            }
          },
          {
            "result": {
              "duration": 297100,
              "status": "passed"
            },
            "match": {
              "location": "Hooks.time()"
            }
          },
          {
            "result": {
              "duration": 48100,
              "status": "passed"
            },
            "match": {
              "location": "Hooks.date()"
            }
          },
          {
            "result": {
              "duration": 46870241600,
              "status": "passed"
            },
            "match": {
              "location": "Hooks.preCond()"
            }
          }
        ],
        "line": 4,
        "name": "",
        "description": "",
        "id": ";",
        "after": [
          {
            "result": {
              "error_message": "org.openqa.selenium.WebDriverException: disconnected: not connected to DevTools\n  (failed to check if window was closed: disconnected: not connected to DevTools)\n  (Session info: chrome\u003d115.0.5790.171)\nBuild info: version: \u00273.141.59\u0027, revision: \u0027e82be7d358\u0027, time: \u00272018-11-14T08:17:03\u0027\nSystem info: host: \u0027MUHAMEDREHAN\u0027, ip: \u0027192.168.29.246\u0027, os.name: \u0027Windows 11\u0027, os.arch: \u0027amd64\u0027, os.version: \u002710.0\u0027, java.version: \u00271.8.0_341\u0027\nDriver info: org.openqa.selenium.chrome.ChromeDriver\nCapabilities {acceptInsecureCerts: false, browserName: chrome, browserVersion: 115.0.5790.171, chrome: {chromedriverVersion: 114.0.5735.90 (386bc09e8f4f..., userDataDir: C:\\Users\\moham\\AppData\\Loca...}, goog:chromeOptions: {debuggerAddress: localhost:63483}, javascriptEnabled: true, networkConnectionEnabled: false, pageLoadStrategy: normal, platform: WINDOWS, platformName: WINDOWS, proxy: Proxy(), setWindowRect: true, strictFileInteractability: false, timeouts: {implicit: 0, pageLoad: 300000, script: 30000}, unhandledPromptBehavior: dismiss and notify, webauthn:extension:credBlob: true, webauthn:extension:largeBlob: true, webauthn:extension:minPinLength: true, webauthn:extension:prf: true, webauthn:virtualAuthenticators: true}\nSession ID: b81d6aea0f736416cd1a6dfc0db7f21d\r\n\tat sun.reflect.NativeConstructorAccessorImpl.newInstance0(Native Method)\r\n\tat sun.reflect.NativeConstructorAccessorImpl.newInstance(Unknown Source)\r\n\tat sun.reflect.DelegatingConstructorAccessorImpl.newInstance(Unknown Source)\r\n\tat java.lang.reflect.Constructor.newInstance(Unknown Source)\r\n\tat org.openqa.selenium.remote.http.W3CHttpResponseCodec.createException(W3CHttpResponseCodec.java:187)\r\n\tat org.openqa.selenium.remote.http.W3CHttpResponseCodec.decode(W3CHttpResponseCodec.java:122)\r\n\tat org.openqa.selenium.remote.http.W3CHttpResponseCodec.decode(W3CHttpResponseCodec.java:49)\r\n\tat org.openqa.selenium.remote.HttpCommandExecutor.execute(HttpCommandExecutor.java:158)\r\n\tat org.openqa.selenium.remote.service.DriverCommandExecutor.execute(DriverCommandExecutor.java:83)\r\n\tat org.openqa.selenium.remote.RemoteWebDriver.execute(RemoteWebDriver.java:552)\r\n\tat org.openqa.selenium.remote.RemoteWebDriver.execute(RemoteWebDriver.java:609)\r\n\tat org.openqa.selenium.remote.RemoteWebDriver.close(RemoteWebDriver.java:442)\r\n\tat org.stepdefine.Hooks.postCon(Hooks.java:55)\r\n\tat sun.reflect.NativeMethodAccessorImpl.invoke0(Native Method)\r\n\tat sun.reflect.NativeMethodAccessorImpl.invoke(Unknown Source)\r\n\tat sun.reflect.DelegatingMethodAccessorImpl.invoke(Unknown Source)\r\n\tat java.lang.reflect.Method.invoke(Unknown Source)\r\n\tat cucumber.runtime.Utils$1.call(Utils.java:26)\r\n\tat cucumber.runtime.Timeout.timeout(Timeout.java:16)\r\n\tat cucumber.runtime.Utils.invoke(Utils.java:20)\r\n\tat cucumber.runtime.java.JavaHookDefinition.execute(JavaHookDefinition.java:60)\r\n\tat cucumber.runner.HookDefinitionMatch.runStep(HookDefinitionMatch.java:16)\r\n\tat cucumber.runner.TestStep.executeStep(TestStep.java:63)\r\n\tat cucumber.runner.TestStep.run(TestStep.java:49)\r\n\tat cucumber.runner.TestCase.run(TestCase.java:48)\r\n\tat cucumber.runner.Runner.runPickle(Runner.java:40)\r\n\tat cucumber.runtime.junit.PickleRunners$NoStepDescriptions.run(PickleRunners.java:146)\r\n\tat cucumber.runtime.junit.FeatureRunner.runChild(FeatureRunner.java:68)\r\n\tat cucumber.runtime.junit.FeatureRunner.runChild(FeatureRunner.java:23)\r\n\tat org.junit.runners.ParentRunner$3.run(ParentRunner.java:290)\r\n\tat org.junit.runners.ParentRunner$1.schedule(ParentRunner.java:71)\r\n\tat org.junit.runners.ParentRunner.runChildren(ParentRunner.java:288)\r\n\tat org.junit.runners.ParentRunner.access$000(ParentRunner.java:58)\r\n\tat org.junit.runners.ParentRunner$2.evaluate(ParentRunner.java:268)\r\n\tat org.junit.runners.ParentRunner.run(ParentRunner.java:363)\r\n\tat cucumber.runtime.junit.FeatureRunner.run(FeatureRunner.java:73)\r\n\tat cucumber.api.junit.Cucumber.runChild(Cucumber.java:124)\r\n\tat cucumber.api.junit.Cucumber.runChild(Cucumber.java:65)\r\n\tat org.junit.runners.ParentRunner$3.run(ParentRunner.java:290)\r\n\tat org.junit.runners.ParentRunner$1.schedule(ParentRunner.java:71)\r\n\tat org.junit.runners.ParentRunner.runChildren(ParentRunner.java:288)\r\n\tat org.junit.runners.ParentRunner.access$000(ParentRunner.java:58)\r\n\tat org.junit.runners.ParentRunner$2.evaluate(ParentRunner.java:268)\r\n\tat cucumber.api.junit.Cucumber$1.evaluate(Cucumber.java:133)\r\n\tat org.junit.internal.runners.statements.RunAfters.evaluate(RunAfters.java:27)\r\n\tat org.junit.runners.ParentRunner.run(ParentRunner.java:363)\r\n\tat org.eclipse.jdt.internal.junit4.runner.JUnit4TestReference.run(JUnit4TestReference.java:86)\r\n\tat org.eclipse.jdt.internal.junit.runner.TestExecution.run(TestExecution.java:38)\r\n\tat org.eclipse.jdt.internal.junit.runner.RemoteTestRunner.runTests(RemoteTestRunner.java:538)\r\n\tat org.eclipse.jdt.internal.junit.runner.RemoteTestRunner.runTests(RemoteTestRunner.java:760)\r\n\tat org.eclipse.jdt.internal.junit.runner.RemoteTestRunner.run(RemoteTestRunner.java:460)\r\n\tat org.eclipse.jdt.internal.junit.runner.RemoteTestRunner.main(RemoteTestRunner.java:206)\r\n",
              "duration": 3029101800,
              "status": "failed"
            },
            "match": {
              "location": "Hooks.postCon()"
            }
          },
          {
            "result": {
              "duration": 280200,
              "status": "passed"
            },
            "match": {
              "location": "Hooks.after()"
            }
          },
          {
            "result": {
              "duration": 87900,
              "status": "passed"
            },
            "match": {
              "location": "Hooks.afte()"
            }
          },
          {
            "result": {
              "duration": 68200,
              "status": "passed"
            },
            "match": {
              "location": "Hooks.Aft()"
            }
          }
        ],
        "type": "scenario",
        "keyword": "Scenario",
        "steps": [
          {
            "result": {
              "duration": 2103298300,
              "status": "passed"
            },
            "line": 6,
            "name": "User have to enter the url",
            "match": {
              "location": "StepDefinition.user_have_to_enter_the_url()"
            },
            "keyword": "When "
          },
          {
            "result": {
              "error_message": "org.openqa.selenium.WebDriverException: target frame detached\n  (failed to check if window was closed: disconnected: Unable to receive message from renderer)\n  (Session info: chrome\u003d115.0.5790.171)\nBuild info: version: \u00273.141.59\u0027, revision: \u0027e82be7d358\u0027, time: \u00272018-11-14T08:17:03\u0027\nSystem info: host: \u0027MUHAMEDREHAN\u0027, ip: \u0027192.168.29.246\u0027, os.name: \u0027Windows 11\u0027, os.arch: \u0027amd64\u0027, os.version: \u002710.0\u0027, java.version: \u00271.8.0_341\u0027\nDriver info: org.openqa.selenium.chrome.ChromeDriver\nCapabilities {acceptInsecureCerts: false, browserName: chrome, browserVersion: 115.0.5790.171, chrome: {chromedriverVersion: 114.0.5735.90 (386bc09e8f4f..., userDataDir: C:\\Users\\moham\\AppData\\Loca...}, goog:chromeOptions: {debuggerAddress: localhost:63483}, javascriptEnabled: true, networkConnectionEnabled: false, pageLoadStrategy: normal, platform: WINDOWS, platformName: WINDOWS, proxy: Proxy(), setWindowRect: true, strictFileInteractability: false, timeouts: {implicit: 0, pageLoad: 300000, script: 30000}, unhandledPromptBehavior: dismiss and notify, webauthn:extension:credBlob: true, webauthn:extension:largeBlob: true, webauthn:extension:minPinLength: true, webauthn:extension:prf: true, webauthn:virtualAuthenticators: true}\nSession ID: b81d6aea0f736416cd1a6dfc0db7f21d\r\n\tat sun.reflect.NativeConstructorAccessorImpl.newInstance0(Native Method)\r\n\tat sun.reflect.NativeConstructorAccessorImpl.newInstance(Unknown Source)\r\n\tat sun.reflect.DelegatingConstructorAccessorImpl.newInstance(Unknown Source)\r\n\tat java.lang.reflect.Constructor.newInstance(Unknown Source)\r\n\tat org.openqa.selenium.remote.http.W3CHttpResponseCodec.createException(W3CHttpResponseCodec.java:187)\r\n\tat org.openqa.selenium.remote.http.W3CHttpResponseCodec.decode(W3CHttpResponseCodec.java:122)\r\n\tat org.openqa.selenium.remote.http.W3CHttpResponseCodec.decode(W3CHttpResponseCodec.java:49)\r\n\tat org.openqa.selenium.remote.HttpCommandExecutor.execute(HttpCommandExecutor.java:158)\r\n\tat org.openqa.selenium.remote.service.DriverCommandExecutor.execute(DriverCommandExecutor.java:83)\r\n\tat org.openqa.selenium.remote.RemoteWebDriver.execute(RemoteWebDriver.java:552)\r\n\tat org.openqa.selenium.remote.RemoteWebElement.execute(RemoteWebElement.java:285)\r\n\tat org.openqa.selenium.remote.RemoteWebElement.click(RemoteWebElement.java:84)\r\n\tat org.stepdefine.StepDefinition.user_have_to_click_the_forget_button(StepDefinition.java:67)\r\n\tat âœ½.User have to click the forget button(src/test/resources/featureFile/forgetPassword.feature:7)\r\n",
              "duration": 660978400,
              "status": "failed"
            },
            "line": 7,
            "name": "User have to click the forget button",
            "match": {
              "location": "StepDefinition.user_have_to_click_the_forget_button()"
            },
            "keyword": "When "
          },
          {
            "result": {
              "duration": 10800,
              "status": "skipped"
            },
            "line": 8,
            "name": "User have to enter the required data",
            "match": {
              "location": "StepDefinition.user_have_to_enter_the_required_data()"
            },
            "keyword": "And "
          },
          {
            "result": {
              "duration": 7000,
              "status": "skipped"
            },
            "line": 9,
            "name": "User have to click on submit",
            "match": {
              "location": "StepDefinition.user_have_to_click_on_submit()"
            },
            "keyword": "And "
          }
        ],
        "tags": [
          {
            "name": "@regression"
          }
        ]
      }
    ],
    "name": "",
    "description": "\t\t\t\tTo validate the forget password function in Facebook application",
    "id": "",
    "keyword": "Feature",
    "uri": "src/test/resources/featureFile/forgetPassword.feature",
    "tags": []
  },
  {
    "line": 2,
    "elements": [
      {
        "before": [
          {
            "result": {
              "duration": 196300,
              "status": "passed"
            },
            "match": {
              "location": "Hooks.add()"
            }
          },
          {
            "result": {
              "duration": 75300,
              "status": "passed"
            },
            "match": {
              "location": "Hooks.time()"
            }
          },
          {
            "result": {
              "duration": 68800,
              "status": "passed"
            },
            "match": {
              "location": "Hooks.date()"
            }
          },
          {
            "result": {
              "duration": 45084085700,
              "status": "passed"
            },
            "match": {
              "location": "Hooks.preCond()"
            }
          }
        ],
        "line": 5,
        "name": "",
        "description": "    \t\tVerify user able to login app by Valid username and valid password",
        "id": "to-validate-the-login-function-of-facebook-application;",
        "after": [
          {
            "result": {
              "duration": 3293743100,
              "status": "passed"
            },
            "match": {
              "location": "Hooks.postCon()"
            }
          },
          {
            "result": {
              "duration": 286500,
              "status": "passed"
            },
            "match": {
              "location": "Hooks.after()"
            }
          },
          {
            "result": {
              "duration": 52700,
              "status": "passed"
            },
            "match": {
              "location": "Hooks.afte()"
            }
          },
          {
            "result": {
              "duration": 40100,
              "status": "passed"
            },
            "match": {
              "location": "Hooks.Aft()"
            }
          }
        ],
        "type": "scenario",
        "keyword": "Scenario",
        "steps": [
          {
            "result": {
              "duration": 2405748800,
              "status": "passed"
            },
            "line": 8,
            "name": "User have to enter the url",
            "match": {
              "location": "StepDefinition.user_have_to_enter_the_url()"
            },
            "keyword": "When "
          },
          {
            "result": {
              "duration": 245259800,
              "status": "passed"
            },
            "line": 9,
            "name": "User have to enter the \"\u003cEmail\u003e\" address and \"\u003cpassword\u003e\"",
            "match": {
              "arguments": [
                {
                  "val": "\"\u003cEmail\u003e\"",
                  "offset": 23
                },
                {
                  "val": "\"\u003cpassword\u003e\"",
                  "offset": 45
                }
              ],
              "location": "StepDefinition.user_have_to_enter_the_address_and(String,String,DataTable)"
            },
            "rows": [
              {
                "cells": [
                  "Username",
                  "Password",
                  "Passcode"
                ]
              },
              {
                "cells": [
                  "Greens",
                  "Ch-098",
                  "12345"
                ]
              },
              {
                "cells": [
                  "Java",
                  "1234-QWE",
                  "67345"
                ]
              }
            ],
            "keyword": "When "
          },
          {
            "result": {
              "duration": 80179300,
              "status": "passed"
            },
            "line": 15,
            "name": "User have to click the login button",
            "match": {
              "location": "StepDefinition.user_have_to_click_the_login_button()"
            },
            "keyword": "And "
          }
        ],
        "tags": [
          {
            "name": "@login"
          },
          {
            "name": "@sanity"
          },
          {
            "name": "@smoke"
          }
        ]
      },
      {
        "before": [
          {
            "result": {
              "duration": 466600,
              "status": "passed"
            },
            "match": {
              "location": "Hooks.add()"
            }
          },
          {
            "result": {
              "duration": 101300,
              "status": "passed"
            },
            "match": {
              "location": "Hooks.time()"
            }
          },
          {
            "result": {
              "duration": 127200,
              "status": "passed"
            },
            "match": {
              "location": "Hooks.date()"
            }
          },
          {
            "result": {
              "duration": 44953928500,
              "status": "passed"
            },
            "match": {
              "location": "Hooks.preCond()"
            }
          }
        ],
        "line": 26,
        "name": "",
        "description": "    Verify that user able to login by Valid username and Invalid Password",
        "id": "to-validate-the-login-function-of-facebook-application;;;2",
        "after": [
          {
            "result": {
              "duration": 3305713100,
              "status": "passed"
            },
            "match": {
              "location": "Hooks.postCon()"
            }
          },
          {
            "result": {
              "duration": 95500,
              "status": "passed"
            },
            "match": {
              "location": "Hooks.after()"
            }
          },
          {
            "result": {
              "duration": 22600,
              "status": "passed"
            },
            "match": {
              "location": "Hooks.afte()"
            }
          },
          {
            "result": {
              "duration": 20200,
              "status": "passed"
            },
            "match": {
              "location": "Hooks.Aft()"
            }
          }
        ],
        "type": "scenario",
        "keyword": "Scenario Outline",
        "steps": [
          {
            "result": {
              "duration": 1485762300,
              "status": "passed"
            },
            "line": 20,
            "name": "User have to enter the url",
            "match": {
              "location": "StepDefinition.user_have_to_enter_the_url()"
            },
            "keyword": "When "
          },
          {
            "result": {
              "duration": 186742800,
              "status": "passed"
            },
            "line": 21,
            "name": "User have to enter the valid \"Java\" and invalid \"JDK_1.8\"",
            "match": {
              "arguments": [
                {
                  "val": "\"Java\"",
                  "offset": 29
                },
                {
                  "val": "\"JDK_1.8\"",
                  "offset": 48
                }
              ],
              "location": "StepDefinition.user_have_to_enter_the_valid_and_invalid(String,String)"
            },
            "keyword": "When "
          },
          {
            "result": {
              "duration": 95554200,
              "status": "passed"
            },
            "line": 22,
            "name": "User have to click the login button",
            "match": {
              "location": "StepDefinition.user_have_to_click_the_login_button()"
            },
            "keyword": "And "
          }
        ],
        "tags": [
          {
            "name": "@login"
          },
          {
            "name": "@smoke"
          },
          {
            "name": "@reg"
          },
          {
            "name": "@log"
          },
          {
            "name": "@fine"
          }
        ]
      },
      {
        "before": [
          {
            "result": {
              "duration": 75200,
              "status": "passed"
            },
            "match": {
              "location": "Hooks.add()"
            }
          },
          {
            "result": {
              "duration": 21900,
              "status": "passed"
            },
            "match": {
              "location": "Hooks.time()"
            }
          },
          {
            "result": {
              "duration": 21700,
              "status": "passed"
            },
            "match": {
              "location": "Hooks.date()"
            }
          },
          {
            "result": {
              "duration": 45690633300,
              "status": "passed"
            },
            "match": {
              "location": "Hooks.preCond()"
            }
          }
        ],
        "line": 27,
        "name": "",
        "description": "    Verify that user able to login by Valid username and Invalid Password",
        "id": "to-validate-the-login-function-of-facebook-application;;;3",
        "after": [
          {
            "result": {
              "duration": 3310713200,
              "status": "passed"
            },
            "match": {
              "location": "Hooks.postCon()"
            }
          },
          {
            "result": {
              "duration": 167200,
              "status": "passed"
            },
            "match": {
              "location": "Hooks.after()"
            }
          },
          {
            "result": {
              "duration": 92700,
              "status": "passed"
            },
            "match": {
              "location": "Hooks.afte()"
            }
          },
          {
            "result": {
              "duration": 83100,
              "status": "passed"
            },
            "match": {
              "location": "Hooks.Aft()"
            }
          }
        ],
        "type": "scenario",
        "keyword": "Scenario Outline",
        "steps": [
          {
            "result": {
              "duration": 1122976600,
              "status": "passed"
            },
            "line": 20,
            "name": "User have to enter the url",
            "match": {
              "location": "StepDefinition.user_have_to_enter_the_url()"
            },
            "keyword": "When "
          },
          {
            "result": {
              "duration": 214455000,
              "status": "passed"
            },
            "line": 21,
            "name": "User have to enter the valid \"Selenium\" and invalid \"Sel-098\"",
            "match": {
              "arguments": [
                {
                  "val": "\"Selenium\"",
                  "offset": 29
                },
                {
                  "val": "\"Sel-098\"",
                  "offset": 52
                }
              ],
              "location": "StepDefinition.user_have_to_enter_the_valid_and_invalid(String,String)"
            },
            "keyword": "When "
          },
          {
            "result": {
              "duration": 100054400,
              "status": "passed"
            },
            "line": 22,
            "name": "User have to click the login button",
            "match": {
              "location": "StepDefinition.user_have_to_click_the_login_button()"
            },
            "keyword": "And "
          }
        ],
        "tags": [
          {
            "name": "@login"
          },
          {
            "name": "@smoke"
          },
          {
            "name": "@reg"
          },
          {
            "name": "@log"
          },
          {
            "name": "@fine"
          }
        ]
      },
      {
        "before": [
          {
            "result": {
              "duration": 186700,
              "status": "passed"
            },
            "match": {
              "location": "Hooks.add()"
            }
          },
          {
            "result": {
              "duration": 46200,
              "status": "passed"
            },
            "match": {
              "location": "Hooks.time()"
            }
          },
          {
            "result": {
              "duration": 39200,
              "status": "passed"
            },
            "match": {
              "location": "Hooks.date()"
            }
          },
          {
            "result": {
              "duration": 45320625400,
              "status": "passed"
            },
            "match": {
              "location": "Hooks.preCond()"
            }
          }
        ],
        "line": 28,
        "name": "",
        "description": "    Verify that user able to login by Valid username and Invalid Password",
        "id": "to-validate-the-login-function-of-facebook-application;;;4",
        "after": [
          {
            "result": {
              "duration": 3260861100,
              "status": "passed"
            },
            "match": {
              "location": "Hooks.postCon()"
            }
          },
          {
            "result": {
              "duration": 80800,
              "status": "passed"
            },
            "match": {
              "location": "Hooks.after()"
            }
          },
          {
            "result": {
              "duration": 24800,
              "status": "passed"
            },
            "match": {
              "location": "Hooks.afte()"
            }
          },
          {
            "result": {
              "duration": 23600,
              "status": "passed"
            },
            "match": {
              "location": "Hooks.Aft()"
            }
          }
        ],
        "type": "scenario",
        "keyword": "Scenario Outline",
        "steps": [
          {
            "result": {
              "duration": 1196652100,
              "status": "passed"
            },
            "line": 20,
            "name": "User have to enter the url",
            "match": {
              "location": "StepDefinition.user_have_to_enter_the_url()"
            },
            "keyword": "When "
          },
          {
            "result": {
              "duration": 202502000,
              "status": "passed"
            },
            "line": 21,
            "name": "User have to enter the valid \"GIT\" and invalid \"gt_1223\"",
            "match": {
              "arguments": [
                {
                  "val": "\"GIT\"",
                  "offset": 29
                },
                {
                  "val": "\"gt_1223\"",
                  "offset": 47
                }
              ],
              "location": "StepDefinition.user_have_to_enter_the_valid_and_invalid(String,String)"
            },
            "keyword": "When "
          },
          {
            "result": {
              "duration": 95782300,
              "status": "passed"
            },
            "line": 22,
            "name": "User have to click the login button",
            "match": {
              "location": "StepDefinition.user_have_to_click_the_login_button()"
            },
            "keyword": "And "
          }
        ],
        "tags": [
          {
            "name": "@login"
          },
          {
            "name": "@smoke"
          },
          {
            "name": "@reg"
          },
          {
            "name": "@log"
          },
          {
            "name": "@fine"
          }
        ]
      }
    ],
    "name": "To validate the login function of facebook application",
    "description": "",
    "id": "to-validate-the-login-function-of-facebook-application",
    "keyword": "Feature",
    "uri": "src/test/resources/featureFile/login.feature",
    "tags": [
      {
        "name": "@login",
        "type": "Tag",
        "location": {
          "line": 1,
          "column": 1
        }
      }
    ]
  }
]